2015-7-2 13:35:24 MAIN INFO group id and attribute id tables unchanged
2015-7-2 13:35:24 MAIN INFO json string recieved
2015-7-2 13:35:24 MAIN INFO creating node
2015-7-2 13:35:24 MAIN INFO Node MAC address: "00:01:02:03:04:05");echo "hola";$log->info( Node IP address: 127.1.1.1 Timeout: 15
2015-7-2 13:35:24 MAIN WARN incorrectly formatted MAC Address
2015-7-2 13:36:45 MAIN INFO group id and attribute id tables unchanged
2015-7-2 13:36:45 MAIN INFO json string recieved
2015-7-2 13:36:45 MAIN INFO creating node
2015-7-2 13:36:45 MAIN INFO Node MAC address: '"00:01:02:03:04:05");echo "hola";$log->info(' Node IP address: 127.1.1.1 Timeout: 15
2015-7-2 13:36:45 MAIN WARN incorrectly formatted MAC Address
2015-7-2 13:37:36 MAIN INFO group id and attribute id tables unchanged
2015-7-2 13:37:36 MAIN INFO json string recieved
2015-7-2 13:37:36 MAIN INFO creating node
2015-7-2 13:37:36 MAIN INFO Node MAC address: \"00:01:02:03:04:05\");echo "hola";$log->info( Node IP address: 127.1.1.1 Timeout: 15
2015-7-2 13:37:36 MAIN WARN incorrectly formatted MAC Address
2015-7-2 13:37:53 MAIN INFO group id and attribute id tables unchanged
2015-7-2 13:37:53 MAIN INFO json string recieved
2015-7-2 13:37:53 MAIN INFO creating node
2015-7-2 13:37:53 MAIN INFO Node MAC address: \"00:01:02:03:04:05\");echo "hola";$log->info( Node IP address: 127.1.1.1 Timeout: 15
2015-7-2 13:37:53 MAIN WARN incorrectly formatted MAC Address
2015-7-2 13:40:02 MAIN INFO group id and attribute id tables unchanged
2015-7-2 13:40:02 MAIN INFO json string recieved
2015-7-2 13:40:02 MAIN INFO creating node
2015-7-2 13:40:02 MAIN INFO Node MAC address: "><script>alert(document.cookie)</script> Node IP address: 127.1.1.1 Timeout: 15
2015-7-2 13:40:02 MAIN WARN incorrectly formatted MAC Address
2015-7-2 13:57:11 MAIN INFO group id and attribute id tables unchanged
2015-7-2 13:57:11 MAIN INFO json string recieved
2015-7-2 13:57:11 MAIN INFO creating node
2015-7-2 13:57:11 MAIN INFO Node MAC address: 00:01:02:03:04:05 Node IP address: 127.1.1.1 Timeout: 15
2015-7-2 13:57:11 MAIN WARN Already Registered Node, ID: 4
2015-7-2 13:57:16 MAIN INFO group id and attribute id tables unchanged
2015-7-2 13:57:16 MAIN INFO json string recieved
2015-7-2 13:57:16 MAIN INFO creating node
2015-7-2 13:57:16 MAIN INFO Node MAC address: 00:01:02:03:04:05 Node IP address: 127.1.1.1 Timeout: 15
2015-7-2 13:57:16 MAIN INFO Node ID assigned to this node: 5
2015-7-2 14:15:12 MAIN INFO group id and attribute id tables unchanged
2015-7-2 14:15:12 MAIN INFO json string recieved
2015-7-2 14:15:12 MAIN INFO configuring node
2015-7-2 14:15:12 MAIN INFO  Node ID32 Timeout: 15
2015-7-2 14:15:12 MAIN WARN Apikey incorrect
2015-7-2 14:15:42 MAIN INFO group id and attribute id tables unchanged
2015-7-2 14:15:42 MAIN INFO json string recieved
2015-7-2 14:15:42 MAIN INFO configuring node
2015-7-2 14:15:42 MAIN INFO  Node ID32 Timeout: 15
2015-7-2 14:15:42 MAIN WARN Node ID Mismatch
2015-7-2 14:16:04 MAIN INFO group id and attribute id tables unchanged
2015-7-2 14:16:04 MAIN INFO json string recieved
2015-7-2 14:16:04 MAIN INFO creating node
2015-7-2 14:16:04 MAIN INFO Node MAC address: 00:01:02:03:04:05 Node IP address: 127.1.1.1 Timeout: 15
2015-7-2 14:16:04 MAIN WARN Already Registered Node, ID: 4
2015-7-2 14:16:16 MAIN INFO group id and attribute id tables unchanged
2015-7-2 14:16:16 MAIN INFO json string recieved
2015-7-2 14:16:16 MAIN INFO configuring node
2015-7-2 14:16:16 MAIN INFO  Node ID32 Timeout: 15
2015-7-2 14:16:16 MAIN WARN Node ID Mismatch
2015-7-2 14:16:30 MAIN INFO group id and attribute id tables unchanged
2015-7-2 14:16:30 MAIN INFO json string recieved
2015-7-2 14:16:30 MAIN INFO configuring node
2015-7-2 14:16:30 MAIN INFO  Node ID32 Timeout: 15
2015-7-2 14:16:30 MAIN WARN Node ID Mismatch
2015-7-2 14:17:04 MAIN INFO group id and attribute id tables unchanged
2015-7-2 14:17:04 MAIN INFO json string recieved
2015-7-2 14:17:04 MAIN INFO creating node
2015-7-2 14:17:04 MAIN INFO Node MAC address: 00:01:02:03:04:05 Node IP address: 127.1.1.1 Timeout: 15
2015-7-2 14:17:04 MAIN WARN Already Registered Node, ID: 4
2015-7-2 14:17:17 MAIN INFO group id and attribute id tables unchanged
2015-7-2 14:17:17 MAIN INFO json string recieved
2015-7-2 14:17:17 MAIN INFO creating node
2015-7-2 14:17:17 MAIN INFO Node MAC address: 00:01:02:03:04:05 Node IP address: 127.1.1.1 Timeout: 15
2015-7-2 14:17:17 MAIN WARN Already Registered Node, ID: 5
2015-7-2 14:18:11 MAIN INFO group id and attribute id tables unchanged
2015-7-2 14:18:11 MAIN INFO json string recieved
2015-7-2 14:18:11 MAIN INFO configuring node
2015-7-2 14:18:11 MAIN INFO  Node ID32 Timeout: 15
2015-7-2 14:18:11 MAIN WARN Node ID Mismatch
2015-7-2 14:18:16 MAIN INFO group id and attribute id tables unchanged
2015-7-2 14:18:16 MAIN INFO json string recieved
2015-7-2 14:18:16 MAIN INFO configuring node
2015-7-2 14:18:16 MAIN INFO  Node ID32 Timeout: 15
2015-7-2 14:18:16 MAIN WARN Node ID Mismatch
2015-7-2 14:19:36 MAIN INFO group id and attribute id tables unchanged
2015-7-2 14:19:36 MAIN INFO json string recieved
2015-7-2 14:19:36 MAIN INFO configuring node
2015-7-2 14:19:36 MAIN INFO  Node ID5 Timeout: 15
2015-7-2 14:19:36 MAIN INFO Node with an ID of: 5 Which is a : Thermostat Which is measuring : LocalTemperature
2015-7-2 14:19:36 MAIN INFO Attribute added to attributes table. Attribute Uid: 1
2015-7-2 14:19:41 MAIN INFO group id and attribute id tables unchanged
2015-7-2 14:19:41 MAIN INFO json string recieved
2015-7-2 14:19:41 MAIN INFO configuring node
2015-7-2 14:19:41 MAIN INFO  Node ID5 Timeout: 15
2015-7-2 14:19:41 MAIN INFO Node with an ID of: 5 Which is a : Thermostat Which is measuring : LocalTemperature
2015-7-2 14:19:41 MAIN INFO Attribute added to attributes table. Attribute Uid: 1
2015-7-2 14:19:49 MAIN INFO group id and attribute id tables unchanged
2015-7-2 14:19:49 MAIN INFO json string recieved
2015-7-2 14:19:49 MAIN INFO configuring node
2015-7-2 14:19:49 MAIN INFO  Node ID3 Timeout: 15
2015-7-2 14:19:49 MAIN WARN Node ID Mismatch
2015-7-2 14:19:56 MAIN INFO group id and attribute id tables unchanged
2015-7-2 14:19:56 MAIN INFO json string recieved
2015-7-2 14:19:56 MAIN INFO configuring node
2015-7-2 14:19:56 MAIN INFO  Node ID4 Timeout: 15
2015-7-2 14:19:56 MAIN INFO Node with an ID of: 4 Which is a : Thermostat Which is measuring : LocalTemperature
2015-7-2 14:19:56 MAIN INFO Attribute added to attributes table. Attribute Uid: 3
2015-7-2 14:53:40 MAIN INFO group id and attribute id tables unchanged
2015-7-2 14:53:40 MAIN INFO json string recieved
2015-7-2 14:53:40 MAIN INFO configuring node
2015-7-2 14:53:40 MAIN INFO  Node ID4 Timeout: 15
2015-7-2 14:53:40 MAIN INFO Node with an ID of: 4 Which is a : Thermostat Which is measuring : LocalTemperature
2015-7-2 14:53:40 MAIN INFO Attribute added to attributes table. Attribute Uid: 3
2015-7-2 14:54:36 MAIN INFO group id and attribute id tables unchanged
2015-7-2 14:54:36 MAIN INFO json string recieved
2015-7-2 14:54:36 MAIN INFO configuring node
2015-7-2 14:54:36 MAIN INFO  Node ID4 Timeout: 15
2015-7-2 14:54:36 MAIN INFO Node with an ID of: 4 Which is a : Thermostat Which is measuring : LocalTemperature
2015-7-2 14:54:36 MAIN INFO Attribute added to attributes table. Attribute Uid: 3
2015-7-2 14:54:59 MAIN INFO group id and attribute id tables unchanged
2015-7-2 14:54:59 MAIN INFO json string recieved
2015-7-2 14:54:59 MAIN INFO configuring node
2015-7-2 14:54:59 MAIN INFO  Node ID4 Timeout: 15
2015-7-2 14:54:59 MAIN INFO Node with an ID of: 4 Which is a : Thermostat Which is measuring : LocalTemperature
2015-7-2 14:54:59 MAIN INFO Attribute added to attributes table. Attribute Uid: 3
2015-7-2 14:56:09 MAIN INFO group id and attribute id tables unchanged
2015-7-2 14:56:09 MAIN INFO json string recieved
2015-7-2 14:56:09 MAIN INFO configuring node
2015-7-2 14:56:09 MAIN INFO  Node ID4 Timeout: 15
2015-7-2 14:56:09 MAIN INFO Node with an ID of: 4 Which is a : Thermostat Which is measuring : LocalTemperature
2015-7-2 14:56:09 MAIN INFO Attribute added to attributes table. Attribute Uid: 3
2015-7-2 15:05:05 MAIN INFO group id and attribute id tables unchanged
2015-7-2 15:05:05 MAIN INFO json string recieved
2015-7-2 15:05:05 MAIN INFO Controller route taken
2015-7-8 12:17:55 MAIN INFO group id and attribute id tables populated
2015-7-8 12:17:55 MAIN INFO json string recieved
2015-7-8 12:17:55 MAIN INFO creating node
2015-7-8 12:17:55 MAIN INFO Node MAC address: 00:01:02:03:04:05 Node IP address: 127.1.1.1 Timeout: 15
2015-7-8 12:17:55 MAIN WARN Apikey wrong length
2015-7-8 12:17:57 MAIN INFO group id and attribute id tables unchanged
2015-7-8 12:17:57 MAIN INFO json string recieved
2015-7-8 12:17:57 MAIN INFO creating node
2015-7-8 12:17:57 MAIN INFO Node MAC address: 00:01:02:03:04:05 Node IP address: 127.1.1.1 Timeout: 15
2015-7-8 12:17:57 MAIN WARN Apikey wrong length
2015-7-8 12:18:15 MAIN INFO group id and attribute id tables unchanged
2015-7-8 12:18:15 MAIN INFO json string recieved
2015-7-8 12:18:15 MAIN INFO creating node
2015-7-8 12:18:15 MAIN INFO Node MAC address: 00:01:02:03:04:05 Node IP address: 127.1.1.1 Timeout: 15
2015-7-8 12:18:15 MAIN WARN Apikey wrong length
2015-7-8 12:18:17 MAIN INFO group id and attribute id tables unchanged
2015-7-8 12:18:17 MAIN INFO json string recieved
2015-7-8 12:18:17 MAIN INFO creating node
2015-7-8 12:18:17 MAIN INFO Node MAC address: 00:01:02:03:04:05 Node IP address: 127.1.1.1 Timeout: 15
2015-7-8 12:18:17 MAIN WARN Apikey wrong length
2015-7-8 12:18:18 MAIN INFO group id and attribute id tables unchanged
2015-7-8 12:18:18 MAIN INFO json string recieved
2015-7-8 12:18:18 MAIN INFO creating node
2015-7-8 12:18:18 MAIN INFO Node MAC address: 00:01:02:03:04:05 Node IP address: 127.1.1.1 Timeout: 15
2015-7-8 12:18:18 MAIN WARN Apikey wrong length
2015-7-8 12:18:20 MAIN INFO group id and attribute id tables unchanged
2015-7-8 12:18:20 MAIN INFO json string recieved
2015-7-8 12:18:20 MAIN INFO creating node
2015-7-8 12:18:20 MAIN INFO Node MAC address: 00:01:02:03:04:05 Node IP address: 127.1.1.1 Timeout: 15
2015-7-8 12:18:20 MAIN WARN Apikey wrong length
2015-7-8 12:18:22 MAIN INFO group id and attribute id tables unchanged
2015-7-8 12:18:22 MAIN INFO json string recieved
2015-7-8 12:18:22 MAIN INFO creating node
2015-7-8 12:18:22 MAIN INFO Node MAC address: 00:01:02:03:04:05 Node IP address: 127.1.1.1 Timeout: 15
2015-7-8 12:18:22 MAIN WARN Apikey wrong length
2015-7-8 12:18:39 MAIN INFO group id and attribute id tables unchanged
2015-7-8 12:18:39 MAIN INFO json string recieved
2015-7-8 12:18:39 MAIN INFO creating node
2015-7-8 12:18:39 MAIN INFO Node MAC address: 00:01:02:03:04:05 Node IP address: 127.1.1.1 Timeout: 15
2015-7-8 12:18:39 MAIN INFO Node ID assigned to this node: 1
2015-7-8 12:18:40 MAIN INFO group id and attribute id tables unchanged
2015-7-8 12:18:40 MAIN INFO json string recieved
2015-7-8 12:18:40 MAIN INFO creating node
2015-7-8 12:18:40 MAIN INFO Node MAC address: 00:01:02:03:04:05 Node IP address: 127.1.1.1 Timeout: 15
2015-7-8 12:18:40 MAIN WARN Already Registered Node, ID: 1
2015-7-8 12:18:42 MAIN INFO group id and attribute id tables unchanged
2015-7-8 12:18:42 MAIN INFO json string recieved
2015-7-8 12:18:42 MAIN INFO creating node
2015-7-8 12:18:42 MAIN INFO Node MAC address: 00:01:02:03:04:05 Node IP address: 127.1.1.1 Timeout: 15
2015-7-8 12:18:42 MAIN WARN Already Registered Node, ID: 1
2015-7-8 12:18:44 MAIN INFO group id and attribute id tables unchanged
2015-7-8 12:18:44 MAIN INFO json string recieved
2015-7-8 12:18:44 MAIN INFO creating node
2015-7-8 12:18:44 MAIN INFO Node MAC address: 00:01:02:03:04:05 Node IP address: 127.1.1.1 Timeout: 15
2015-7-8 12:18:44 MAIN WARN Already Registered Node, ID: 1
2015-7-8 12:18:46 MAIN INFO group id and attribute id tables unchanged
2015-7-8 12:18:46 MAIN INFO json string recieved
2015-7-8 12:18:46 MAIN INFO creating node
2015-7-8 12:18:46 MAIN INFO Node MAC address: 00:01:02:03:04:05 Node IP address: 127.1.1.1 Timeout: 15
2015-7-8 12:18:46 MAIN WARN Already Registered Node, ID: 1
2015-7-8 12:18:47 MAIN INFO group id and attribute id tables unchanged
2015-7-8 12:18:47 MAIN INFO json string recieved
2015-7-8 12:18:47 MAIN INFO creating node
2015-7-8 12:18:47 MAIN INFO Node MAC address: 00:01:02:03:04:05 Node IP address: 127.1.1.1 Timeout: 15
2015-7-8 12:18:47 MAIN WARN Already Registered Node, ID: 1
2015-7-8 12:18:49 MAIN INFO group id and attribute id tables unchanged
2015-7-8 12:18:49 MAIN INFO json string recieved
2015-7-8 12:18:49 MAIN INFO creating node
2015-7-8 12:18:49 MAIN INFO Node MAC address: 00:01:02:03:04:05 Node IP address: 127.1.1.1 Timeout: 15
2015-7-8 12:18:49 MAIN WARN Already Registered Node, ID: 1
2015-7-8 12:18:51 MAIN INFO group id and attribute id tables unchanged
2015-7-8 12:18:51 MAIN INFO json string recieved
2015-7-8 12:18:51 MAIN INFO creating node
2015-7-8 12:18:51 MAIN INFO Node MAC address: 00:01:02:03:04:05 Node IP address: 127.1.1.1 Timeout: 15
2015-7-8 12:18:51 MAIN WARN Already Registered Node, ID: 1
2015-7-8 12:18:52 MAIN INFO group id and attribute id tables unchanged
2015-7-8 12:18:52 MAIN INFO json string recieved
2015-7-8 12:18:52 MAIN INFO creating node
2015-7-8 12:18:52 MAIN INFO Node MAC address: 00:01:02:03:04:05 Node IP address: 127.1.1.1 Timeout: 15
2015-7-8 12:18:52 MAIN WARN Already Registered Node, ID: 1
2015-7-8 12:18:54 MAIN INFO group id and attribute id tables unchanged
2015-7-8 12:18:54 MAIN INFO json string recieved
2015-7-8 12:18:54 MAIN INFO creating node
2015-7-8 12:18:54 MAIN INFO Node MAC address: 00:01:02:03:04:05 Node IP address: 127.1.1.1 Timeout: 15
2015-7-8 12:18:54 MAIN WARN Already Registered Node, ID: 1
2015-7-8 12:18:55 MAIN INFO group id and attribute id tables unchanged
2015-7-8 12:18:55 MAIN INFO json string recieved
2015-7-8 12:18:55 MAIN INFO creating node
2015-7-8 12:18:55 MAIN INFO Node MAC address: 00:01:02:03:04:05 Node IP address: 127.1.1.1 Timeout: 15
2015-7-8 12:18:55 MAIN WARN Apikey wrong length
2015-7-8 12:18:56 MAIN INFO group id and attribute id tables unchanged
2015-7-8 12:18:56 MAIN INFO json string recieved
2015-7-8 12:18:56 MAIN INFO creating node
2015-7-8 12:18:56 MAIN INFO Node MAC address: 00:01:02:03:04:05 Node IP address: 127.1.1.1 Timeout: 15
2015-7-8 12:18:56 MAIN WARN Already Registered Node, ID: 1
2015-7-8 12:18:58 MAIN INFO group id and attribute id tables unchanged
2015-7-8 12:18:58 MAIN INFO json string recieved
2015-7-8 12:18:58 MAIN INFO creating node
2015-7-8 12:18:58 MAIN INFO Node MAC address: 00:01:02:03:04:05 Node IP address: 127.1.1.1 Timeout: 15
2015-7-8 12:18:58 MAIN WARN Already Registered Node, ID: 1
2015-7-8 12:18:59 MAIN INFO group id and attribute id tables unchanged
2015-7-8 12:18:59 MAIN INFO json string recieved
2015-7-8 12:18:59 MAIN INFO creating node
2015-7-8 12:18:59 MAIN INFO Node MAC address: 00:01:02:03:04:05 Node IP address: 127.1.1.1 Timeout: 15
2015-7-8 12:18:59 MAIN WARN Already Registered Node, ID: 1
2015-7-8 12:19:01 MAIN INFO group id and attribute id tables unchanged
2015-7-8 12:19:01 MAIN INFO json string recieved
2015-7-8 12:19:01 MAIN INFO creating node
2015-7-8 12:19:01 MAIN INFO Node MAC address: 00:01:02:03:04:05 Node IP address: 127.1.1.1 Timeout: 15
2015-7-8 12:19:01 MAIN WARN Already Registered Node, ID: 1
2015-7-8 12:19:03 MAIN INFO group id and attribute id tables unchanged
2015-7-8 12:19:03 MAIN INFO json string recieved
2015-7-8 12:19:03 MAIN INFO creating node
2015-7-8 12:19:03 MAIN INFO Node MAC address: 00:01:02:03:04:05 Node IP address: 127.1.1.1 Timeout: 15
2015-7-8 12:19:03 MAIN WARN Already Registered Node, ID: 1
2015-7-8 12:19:04 MAIN INFO group id and attribute id tables unchanged
2015-7-8 12:19:04 MAIN INFO json string recieved
2015-7-8 12:19:04 MAIN INFO creating node
2015-7-8 12:19:04 MAIN INFO Node MAC address: 00:01:02:03:04:05 Node IP address: 127.1.1.1 Timeout: 15
2015-7-8 12:19:04 MAIN WARN Already Registered Node, ID: 1
2015-7-8 12:19:06 MAIN INFO group id and attribute id tables unchanged
2015-7-8 12:19:06 MAIN INFO json string recieved
2015-7-8 12:19:06 MAIN INFO creating node
2015-7-8 12:19:06 MAIN INFO Node MAC address: 00:01:02:03:04:05 Node IP address: 127.1.1.1 Timeout: 15
2015-7-8 12:19:06 MAIN WARN Already Registered Node, ID: 1
2015-7-8 12:19:06 MAIN INFO group id and attribute id tables unchanged
2015-7-8 12:19:06 MAIN INFO json string recieved
2015-7-8 12:19:06 MAIN INFO configuring node
2015-7-8 12:19:06 MAIN INFO  Node ID32 Timeout: 15
2015-7-8 12:19:06 MAIN WARN Apikey incorrect
2015-7-8 12:19:08 MAIN INFO group id and attribute id tables unchanged
2015-7-8 12:19:08 MAIN INFO json string recieved
2015-7-8 12:19:08 MAIN INFO creating node
2015-7-8 12:19:08 MAIN INFO Node MAC address: 00:01:02:03:04:05 Node IP address: 127.1.1.1 Timeout: 15
2015-7-8 12:19:08 MAIN WARN Already Registered Node, ID: 1
2015-7-8 12:19:10 MAIN INFO group id and attribute id tables unchanged
2015-7-8 12:19:10 MAIN INFO json string recieved
2015-7-8 12:19:10 MAIN INFO creating node
2015-7-8 12:19:10 MAIN INFO Node MAC address: 00:01:02:03:04:05 Node IP address: 127.1.1.1 Timeout: 15
2015-7-8 12:19:10 MAIN WARN Already Registered Node, ID: 1
2015-7-8 12:19:11 MAIN INFO group id and attribute id tables unchanged
2015-7-8 12:19:11 MAIN INFO json string recieved
2015-7-8 12:19:11 MAIN INFO configuring node
2015-7-8 12:19:11 MAIN INFO  Node ID32 Timeout: 15
2015-7-8 12:19:11 MAIN WARN Node ID Mismatch
2015-7-8 12:19:11 MAIN INFO group id and attribute id tables unchanged
2015-7-8 12:19:11 MAIN INFO json string recieved
2015-7-8 12:19:11 MAIN INFO creating node
2015-7-8 12:19:11 MAIN INFO Node MAC address: 00:01:02:03:04:05 Node IP address: 127.1.1.1 Timeout: 15
2015-7-8 12:19:11 MAIN WARN Already Registered Node, ID: 1
2015-7-8 12:19:13 MAIN INFO group id and attribute id tables unchanged
2015-7-8 12:19:13 MAIN INFO json string recieved
2015-7-8 12:19:13 MAIN INFO creating node
2015-7-8 12:19:13 MAIN INFO Node MAC address: 00:01:02:03:04:05 Node IP address: 127.1.1.1 Timeout: 15
2015-7-8 12:19:13 MAIN WARN Already Registered Node, ID: 1
2015-7-8 12:19:15 MAIN INFO group id and attribute id tables unchanged
2015-7-8 12:19:15 MAIN INFO json string recieved
2015-7-8 12:19:15 MAIN INFO creating node
2015-7-8 12:19:15 MAIN INFO Node MAC address: 00:01:02:03:04:05 Node IP address: 127.1.1.1 Timeout: 15
2015-7-8 12:19:15 MAIN WARN Already Registered Node, ID: 1
2015-7-8 12:19:16 MAIN INFO group id and attribute id tables unchanged
2015-7-8 12:19:16 MAIN INFO json string recieved
2015-7-8 12:19:16 MAIN INFO creating node
2015-7-8 12:19:16 MAIN INFO Node MAC address: 00:01:02:03:04:05 Node IP address: 127.1.1.1 Timeout: 15
2015-7-8 12:19:16 MAIN WARN Already Registered Node, ID: 1
2015-7-8 12:19:48 MAIN INFO group id and attribute id tables unchanged
2015-7-8 12:19:48 MAIN INFO json string recieved
2015-7-8 12:19:48 MAIN INFO configuring node
2015-7-8 12:19:48 MAIN INFO  Node ID32 Timeout: 15
2015-7-8 12:19:48 MAIN WARN Apikey incorrect
2015-7-8 12:19:50 MAIN INFO group id and attribute id tables unchanged
2015-7-8 12:19:50 MAIN INFO json string recieved
2015-7-8 12:19:50 MAIN INFO configuring node
2015-7-8 12:19:50 MAIN INFO  Node ID32 Timeout: 15
2015-7-8 12:19:50 MAIN WARN Apikey incorrect
2015-7-8 12:19:52 MAIN INFO group id and attribute id tables unchanged
2015-7-8 12:19:52 MAIN INFO json string recieved
2015-7-8 12:19:52 MAIN INFO configuring node
2015-7-8 12:19:52 MAIN INFO  Node ID32 Timeout: 15
2015-7-8 12:19:52 MAIN WARN Apikey incorrect
2015-7-8 12:19:54 MAIN INFO group id and attribute id tables unchanged
2015-7-8 12:19:54 MAIN INFO json string recieved
2015-7-8 12:19:54 MAIN INFO configuring node
2015-7-8 12:19:54 MAIN INFO  Node ID32 Timeout: 15
2015-7-8 12:19:54 MAIN WARN Apikey incorrect
2015-7-8 12:19:55 MAIN INFO group id and attribute id tables unchanged
2015-7-8 12:19:55 MAIN INFO json string recieved
2015-7-8 12:19:55 MAIN INFO configuring node
2015-7-8 12:19:55 MAIN INFO  Node ID32 Timeout: 15
2015-7-8 12:19:55 MAIN WARN Apikey incorrect
2015-7-8 12:20:33 MAIN INFO group id and attribute id tables unchanged
2015-7-8 12:20:33 MAIN INFO json string recieved
2015-7-8 12:20:33 MAIN INFO configuring node
2015-7-8 12:20:33 MAIN INFO  Node ID1 Timeout: 15
2015-7-8 12:20:33 MAIN INFO Node with an ID of: 1 Which is a : Thermostat Which is measuring : LocalTemperature
2015-7-8 12:20:33 MAIN INFO Attribute added to attributes table. Attribute Uid: 1
2015-7-8 12:20:41 MAIN INFO group id and attribute id tables unchanged
2015-7-8 12:20:41 MAIN INFO json string recieved
2015-7-8 12:20:41 MAIN INFO configuring node
2015-7-8 12:20:41 MAIN INFO  Node ID32 Timeout: 15
2015-7-8 12:20:41 MAIN WARN Node ID Mismatch
