2015-6-30 16:37:11 MAIN WARN Error parsing rule code. Rule: 140 - Stage: 1
2015-7-2 15:34:48 MAIN WARN Error parsing rule code. Rule: 140 - Stage: 1
2015-7-6 22:58:42 MAIN WARN Error parsing rule code. Rule: 140 - Stage: 1
2015-7-6 23:00:09 MAIN WARN Error parsing rule code. Rule: 140 - Stage: 1
2015-7-6 23:02:29 MAIN WARN Error parsing rule code. Rule: 140 - Stage: 1
2015-7-6 23:04:05 MAIN WARN Error parsing rule code. Rule: 140 - Stage: 1
2015-7-6 23:06:13 MAIN WARN Error parsing rule code. Rule: 140 - Stage: 1
2015-7-6 23:09:12 MAIN WARN Error parsing rule code. Rule: 140 - Stage: 1
2015-7-6 23:13:15 MAIN WARN Error parsing rule code. Rule: 140 - Stage: 1
2015-7-6 23:14:25 MAIN WARN Error parsing rule code. Rule: 140 - Stage: 1
2015-7-6 23:15:29 MAIN WARN Error parsing rule code. Rule: 140 - Stage: 1
2015-7-6 23:16:07 MAIN WARN Error parsing rule code. Rule: 140 - Stage: 1
2015-7-6 23:16:43 MAIN WARN Error parsing rule code. Rule: 140 - Stage: 1
2015-7-6 23:18:48 MAIN WARN Error parsing rule code. Rule: 140 - Stage: 1
2015-7-6 23:19:31 MAIN WARN Error parsing rule code. Rule: 140 - Stage: 1
2015-7-6 23:20:25 MAIN WARN Error parsing rule code. Rule: 140 - Stage: 1
2015-7-6 23:22:24 MAIN WARN Error parsing rule code. Rule: 140 - Stage: 1
2015-7-6 23:25:46 MAIN WARN Error parsing rule code. Rule: 140 - Stage: 1
2015-7-6 23:26:11 MAIN WARN Error parsing rule code. Rule: 140 - Stage: 1
2015-7-6 23:26:51 MAIN WARN Error parsing rule code. Rule: 140 - Stage: 1
2015-7-6 23:27:16 MAIN WARN Error parsing rule code. Rule: 140 - Stage: 1
2015-7-6 23:27:19 MAIN WARN Error parsing rule code. Rule: 140 - Stage: 1
2015-7-6 23:30:09 MAIN WARN Error parsing rule code. Rule: 140 - Stage: 1
2015-7-6 23:32:34 MAIN WARN Error parsing rule code. Rule: 140 - Stage: 1
2015-7-6 23:33:10 MAIN WARN Error parsing rule code. Rule: 140 - Stage: 1
2015-7-6 23:33:53 MAIN WARN Error parsing rule code. Rule: 140 - Stage: 1
2015-7-6 23:34:14 MAIN WARN Error parsing rule code. Rule: 140 - Stage: 1
2015-7-6 23:34:36 MAIN WARN Error parsing rule code. Rule: 140 - Stage: 1
2015-7-6 23:36:51 MAIN WARN Error parsing rule code. Rule: 140 - Stage: 1
2015-7-6 23:37:08 MAIN WARN Error parsing rule code. Rule: 140 - Stage: 1
2015-7-6 23:38:13 MAIN WARN Error parsing rule code. Rule: 140 - Stage: 1
2015-7-6 23:43:24 MAIN WARN Error parsing rule code. Rule: 140 - Stage: 1
2015-7-6 23:44:19 MAIN WARN Error parsing rule code. Rule: 140 - Stage: 1
2015-7-6 23:48:35 MAIN WARN Error parsing rule code. Rule: 140 - Stage: 1
2015-7-6 23:48:42 MAIN WARN Error parsing rule code. Rule: 140 - Stage: 1
2015-7-6 23:49:09 MAIN WARN Error parsing rule code. Rule: 140 - Stage: 1
2015-7-7 00:12:54 MAIN WARN Error parsing rule code. Rule: 140 - Stage: 1
2015-7-7 00:14:03 MAIN WARN Error parsing rule code. Rule: 140 - Stage: 1
2015-7-7 00:14:32 MAIN WARN Error parsing rule code. Rule: 140 - Stage: 1
2015-7-7 00:15:25 MAIN WARN Error parsing rule code. Rule: 140 - Stage: 1
2015-7-7 00:16:50 MAIN WARN Error parsing rule code. Rule: 140 - Stage: 1
2015-7-7 00:17:01 MAIN WARN Error parsing rule code. Rule: 140 - Stage: 1
2015-7-7 00:17:38 MAIN WARN Error parsing rule code. Rule: 140 - Stage: 1
2015-7-7 00:18:16 MAIN WARN Error parsing rule code. Rule: 140 - Stage: 1
2015-7-7 00:18:39 MAIN WARN Error parsing rule code. Rule: 140 - Stage: 1
2015-7-7 00:19:53 MAIN WARN Error parsing rule code. Rule: 140 - Stage: 1
2015-7-7 00:20:38 MAIN WARN Error parsing rule code. Rule: 140 - Stage: 1
2015-7-7 00:21:36 MAIN WARN Error parsing rule code. Rule: 140 - Stage: 1
2015-7-7 00:23:32 MAIN WARN Error parsing rule code. Rule: 140 - Stage: 1
2015-7-7 00:23:52 MAIN WARN Error parsing rule code. Rule: 140 - Stage: 1
2015-7-7 00:24:13 MAIN WARN Error parsing rule code. Rule: 140 - Stage: 1
2015-7-7 00:24:33 MAIN WARN Error parsing rule code. Rule: 140 - Stage: 1
2015-7-7 00:24:59 MAIN WARN Error parsing rule code. Rule: 140 - Stage: 1
2015-7-7 00:26:59 MAIN WARN Error parsing rule code. Rule: 140 - Stage: 1
2015-7-7 00:28:49 MAIN WARN Error parsing rule code. Rule: 140 - Stage: 1
2015-7-7 00:29:06 MAIN WARN Error parsing rule code. Rule: 140 - Stage: 1
2015-7-7 00:29:20 MAIN WARN Error parsing rule code. Rule: 140 - Stage: 1
2015-7-7 00:29:23 MAIN WARN Error parsing rule code. Rule: 140 - Stage: 1
2015-7-7 00:30:06 MAIN WARN Error parsing rule code. Rule: 140 - Stage: 1
2015-7-7 00:30:23 MAIN WARN Error parsing rule code. Rule: 140 - Stage: 1
2015-7-7 00:30:26 MAIN WARN Error parsing rule code. Rule: 140 - Stage: 1
2015-7-7 00:33:13 MAIN WARN Error parsing rule code. Rule: 140 - Stage: 1
2015-7-7 00:33:36 MAIN WARN Error parsing rule code. Rule: 140 - Stage: 1
2015-7-7 00:34:10 MAIN WARN Error parsing rule code. Rule: 140 - Stage: 1
2015-7-7 00:34:31 MAIN WARN Error parsing rule code. Rule: 140 - Stage: 1
2015-7-7 00:35:11 MAIN WARN Error parsing rule code. Rule: 140 - Stage: 1
2015-7-7 00:36:11 MAIN WARN Error parsing rule code. Rule: 140 - Stage: 1
2015-7-7 00:36:14 MAIN WARN Error parsing rule code. Rule: 140 - Stage: 1
2015-7-7 00:41:46 MAIN WARN Error parsing rule code. Rule: 140 - Stage: 1
2015-7-7 00:42:35 MAIN WARN Error parsing rule code. Rule: 140 - Stage: 1
2015-7-7 00:43:08 MAIN WARN Error parsing rule code. Rule: 140 - Stage: 1
2015-7-7 00:44:00 MAIN WARN Error parsing rule code. Rule: 140 - Stage: 1
2015-7-7 00:45:14 MAIN WARN Error parsing rule code. Rule: 140 - Stage: 1
2015-7-7 00:45:56 MAIN WARN Error parsing rule code. Rule: 140 - Stage: 1
2015-7-7 00:46:27 MAIN WARN Error parsing rule code. Rule: 140 - Stage: 1
2015-7-7 00:47:27 MAIN WARN Error parsing rule code. Rule: 140 - Stage: 1
2015-7-7 00:47:51 MAIN WARN Error parsing rule code. Rule: 140 - Stage: 1
2015-7-7 00:48:42 MAIN WARN Error parsing rule code. Rule: 140 - Stage: 1
2015-7-7 00:52:51 MAIN WARN Error parsing rule code. Rule: 140 - Stage: 1
2015-7-8 12:23:35 MAIN INFO Rule disabled because expiry date. Rule id: 3
2015-7-8 12:26:01 MAIN WARN Error parsing rule code. Rule: 3 - Stage: 1
2015-7-8 12:43:58 MAIN WARN Error parsing rule code. Rule: 3 - Stage: 1
2015-7-8 12:44:02 MAIN WARN Error parsing rule code. Rule: 3 - Stage: 1
2015-7-8 12:44:04 MAIN WARN Error parsing rule code. Rule: 3 - Stage: 1
2015-7-8 12:44:06 MAIN WARN Error parsing rule code. Rule: 3 - Stage: 1
2015-7-8 12:44:08 MAIN WARN Error parsing rule code. Rule: 3 - Stage: 1
2015-7-8 12:44:23 MAIN WARN Error parsing rule code. Rule: 3 - Stage: 1
2015-7-8 12:44:25 MAIN WARN Error parsing rule code. Rule: 3 - Stage: 1
2015-7-8 12:44:27 MAIN WARN Error parsing rule code. Rule: 3 - Stage: 1
2015-7-8 12:44:29 MAIN WARN Error parsing rule code. Rule: 3 - Stage: 1
2015-7-8 12:44:32 MAIN WARN Error parsing rule code. Rule: 3 - Stage: 1
2015-7-8 12:44:34 MAIN WARN Error parsing rule code. Rule: 3 - Stage: 1
2015-7-8 12:44:36 MAIN WARN Error parsing rule code. Rule: 3 - Stage: 1
2015-7-8 12:45:42 MAIN WARN Error parsing rule code. Rule: 3 - Stage: 1
2015-7-8 12:45:44 MAIN WARN Error parsing rule code. Rule: 3 - Stage: 1
2015-7-8 12:45:46 MAIN WARN Error parsing rule code. Rule: 3 - Stage: 1
2015-7-8 12:46:01 MAIN WARN Error parsing rule code. Rule: 3 - Stage: 1
2015-7-8 12:46:03 MAIN WARN Error parsing rule code. Rule: 3 - Stage: 1
2015-7-8 12:46:05 MAIN WARN Error parsing rule code. Rule: 3 - Stage: 1
2015-7-8 12:46:07 MAIN WARN Error parsing rule code. Rule: 3 - Stage: 1
2015-7-8 13:03:51 MAIN WARN Error parsing rule code. Rule: 3 - Stage: 1
2015-7-8 13:03:53 MAIN WARN Error parsing rule code. Rule: 3 - Stage: 1
2015-7-8 13:03:55 MAIN WARN Error parsing rule code. Rule: 3 - Stage: 1
2015-7-8 13:04:39 MAIN WARN Error parsing rule code. Rule: 3 - Stage: 1
2015-7-8 13:04:41 MAIN WARN Error parsing rule code. Rule: 3 - Stage: 1
2015-7-8 13:04:43 MAIN WARN Error parsing rule code. Rule: 3 - Stage: 1
2015-7-8 13:04:49 MAIN WARN Error parsing rule code. Rule: 3 - Stage: 1
2015-7-8 13:05:06 MAIN WARN Error parsing rule code. Rule: 3 - Stage: 1
2015-7-8 13:05:34 MAIN WARN Error parsing rule code. Rule: 3 - Stage: 1
2015-7-8 13:05:38 MAIN WARN Error parsing rule code. Rule: 3 - Stage: 1
2015-7-8 13:05:58 MAIN WARN Error parsing rule code. Rule: 3 - Stage: 1
2015-7-8 13:06:03 MAIN WARN Error parsing rule code. Rule: 3 - Stage: 1
2015-7-8 13:06:17 MAIN WARN Error parsing rule code. Rule: 3 - Stage: 1
2015-7-8 13:06:39 MAIN WARN Error parsing rule code. Rule: 3 - Stage: 1
2015-7-8 13:07:17 MAIN WARN Error parsing rule code. Rule: 3 - Stage: 1
2015-7-8 13:07:24 MAIN WARN Error parsing rule code. Rule: 3 - Stage: 1
2015-7-8 13:07:42 MAIN WARN Error parsing rule code. Rule: 3 - Stage: 1
2015-7-8 13:07:44 MAIN WARN Error parsing rule code. Rule: 3 - Stage: 1
2015-7-8 13:09:16 MAIN WARN Error parsing rule code. Rule: 3 - Stage: 1
2015-7-8 13:09:18 MAIN WARN Error parsing rule code. Rule: 3 - Stage: 1
2015-7-8 13:09:24 MAIN WARN Error parsing rule code. Rule: 3 - Stage: 1
2015-7-8 13:09:26 MAIN WARN Error parsing rule code. Rule: 3 - Stage: 1
2015-7-8 13:09:33 MAIN WARN Error parsing rule code. Rule: 3 - Stage: 1
2015-7-8 13:09:35 MAIN WARN Error parsing rule code. Rule: 3 - Stage: 1
2015-7-8 13:09:37 MAIN WARN Error parsing rule code. Rule: 3 - Stage: 1
2015-7-8 13:09:47 MAIN WARN Error parsing rule code. Rule: 3 - Stage: 1
2015-7-8 13:10:13 MAIN WARN Error parsing rule code. Rule: 3 - Stage: 1
2015-7-8 13:10:23 MAIN WARN Error parsing rule code. Rule: 3 - Stage: 1
2015-7-8 13:11:07 MAIN WARN Error parsing rule code. Rule: 3 - Stage: 1
2015-7-8 13:11:10 MAIN WARN Error parsing rule code. Rule: 3 - Stage: 1
2015-7-8 13:12:18 MAIN WARN Error parsing rule code. Rule: 3 - Stage: 1
2015-7-8 13:14:01 MAIN WARN Error parsing rule code. Rule: 3 - Stage: 1
2015-7-8 13:14:48 MAIN WARN Error parsing rule code. Rule: 3 - Stage: 1
2015-7-8 13:15:31 MAIN WARN Error parsing rule code. Rule: 3 - Stage: 1
2015-7-8 13:15:32 MAIN WARN Error parsing rule code. Rule: 3 - Stage: 1
2015-7-8 13:15:34 MAIN WARN Error parsing rule code. Rule: 3 - Stage: 1
2015-7-8 13:15:36 MAIN WARN Error parsing rule code. Rule: 3 - Stage: 1
2015-7-8 13:15:40 MAIN WARN Error parsing rule code. Rule: 3 - Stage: 1
2015-7-8 13:15:44 MAIN WARN Error parsing rule code. Rule: 3 - Stage: 1
2015-7-8 13:21:32 MAIN WARN Error parsing rule code. Rule: 3 - Stage: 1
2015-7-8 13:41:25 MAIN WARN Error parsing rule code. Rule: 3 - Stage: 1
2015-7-8 13:44:02 MAIN WARN Error parsing rule code. Rule: 3 - Stage: 1
2015-7-8 13:44:04 MAIN WARN Error parsing rule code. Rule: 3 - Stage: 1
2015-7-8 13:44:30 MAIN WARN Error parsing rule code. Rule: 3 - Stage: 1
2015-7-8 13:44:49 MAIN WARN Error parsing rule code. Rule: 3 - Stage: 1
2015-7-8 13:45:04 MAIN WARN Error parsing rule code. Rule: 3 - Stage: 1
2015-7-8 13:45:09 MAIN WARN Error parsing rule code. Rule: 3 - Stage: 1
2015-7-8 13:45:10 MAIN WARN Error parsing rule code. Rule: 3 - Stage: 1
2015-7-8 13:45:14 MAIN WARN Error parsing rule code. Rule: 3 - Stage: 1
2015-7-8 13:52:14 MAIN WARN Error parsing rule code. Rule: 3 - Stage: 1
2015-7-8 13:55:15 MAIN WARN Error parsing rule code. Rule: 3 - Stage: 1
2015-7-8 14:04:56 MAIN WARN Error parsing rule code. Rule: 3 - Stage: 1
2015-7-13 15:36:59 MAIN WARN Error parsing rule code. Rule: 3 - Stage: 1
2015-7-13 15:38:34 MAIN WARN Error parsing rule code. Rule: 3 - Stage: 1
2015-7-13 15:42:01 MAIN WARN Error parsing rule code. Rule: 3 - Stage: 1
2015-7-13 15:42:28 MAIN WARN Error parsing rule code. Rule: 3 - Stage: 1
2015-7-13 15:43:09 MAIN WARN Error parsing rule code. Rule: 3 - Stage: 1
2015-7-13 15:54:40 MAIN WARN Error parsing rule code. Rule: 3 - Stage: 1
2015-7-13 15:54:50 MAIN WARN Error parsing rule code. Rule: 3 - Stage: 1
2015-7-13 16:21:23 MAIN WARN Error parsing rule code. Rule: 3 - Stage: 1
2015-7-13 16:23:17 MAIN WARN Error parsing rule code. Rule: 3 - Stage: 1
2015-7-13 16:23:56 MAIN WARN Error parsing rule code. Rule: 3 - Stage: 1
2015-7-13 16:24:10 MAIN WARN Error parsing rule code. Rule: 3 - Stage: 1
2015-7-13 16:27:20 MAIN WARN Error parsing rule code. Rule: 3 - Stage: 1
2015-7-13 16:29:17 MAIN WARN Error parsing rule code. Rule: 3 - Stage: 1
2015-7-13 16:29:33 MAIN WARN Error parsing rule code. Rule: 3 - Stage: 1
2015-7-13 16:29:44 MAIN WARN Error parsing rule code. Rule: 3 - Stage: 1
2015-7-13 16:30:23 MAIN WARN Error parsing rule code. Rule: 3 - Stage: 1
2015-7-13 16:30:39 MAIN WARN Error parsing rule code. Rule: 3 - Stage: 1
2015-7-13 16:31:07 MAIN WARN Error parsing rule code. Rule: 3 - Stage: 1
2015-7-13 16:31:53 MAIN WARN Error parsing rule code. Rule: 3 - Stage: 1
2015-7-13 16:52:26 MAIN WARN Error parsing rule code. Rule: 3 - Stage: 1
2015-7-13 16:54:04 MAIN WARN Error parsing rule code. Rule: 3 - Stage: 1
2015-7-13 17:00:01 MAIN WARN Error parsing rule code. Rule: 3 - Stage: 1
2015-7-13 17:00:48 MAIN WARN Error parsing rule code. Rule: 3 - Stage: 1
2015-7-13 17:09:57 MAIN WARN Error parsing rule code. Rule: 3 - Stage: 1
2015-7-13 17:10:05 MAIN WARN Error parsing rule code. Rule: 3 - Stage: 1
2015-7-13 17:10:40 MAIN WARN Error parsing rule code. Rule: 3 - Stage: 1
2015-7-13 17:14:33 MAIN WARN Error parsing rule code. Rule: 3 - Stage: 1
2015-7-13 17:16:32 MAIN WARN Error parsing rule code. Rule: 3 - Stage: 1
2015-7-13 17:17:28 MAIN WARN Error parsing rule code. Rule: 3 - Stage: 1
2015-7-13 17:19:01 MAIN WARN Error parsing rule code. Rule: 3 - Stage: 1
2015-7-13 17:19:56 MAIN WARN Error parsing rule code. Rule: 3 - Stage: 1
2015-7-13 17:22:28 MAIN WARN Error parsing rule code. Rule: 3 - Stage: 1
2015-7-13 17:22:38 MAIN WARN Error parsing rule code. Rule: 3 - Stage: 1
2015-7-13 17:22:42 MAIN WARN Error parsing rule code. Rule: 3 - Stage: 1
2015-7-13 17:22:56 MAIN WARN Error parsing rule code. Rule: 3 - Stage: 1
2015-7-13 17:23:33 MAIN WARN Error parsing rule code. Rule: 3 - Stage: 1
2015-7-13 17:23:54 MAIN WARN Error parsing rule code. Rule: 3 - Stage: 1
2015-7-13 17:25:56 MAIN WARN Error parsing rule code. Rule: 3 - Stage: 1
2015-7-13 17:26:24 MAIN WARN Error parsing rule code. Rule: 3 - Stage: 1
2015-7-13 17:26:58 MAIN WARN Error parsing rule code. Rule: 3 - Stage: 1
2015-7-13 17:26:58 MAIN WARN /* Variables */
$timeout = 60; /* default value for timeout when we wait for apendinng acks */
$timedout;

/* Feed ids */
$F1ThisisaThermostatmeasuringLocalTemperature = (int) 1;

/* Attributes ids */
$A10x02010x00000x0191 = (int) 1;

/* Run the current stage */
$stage = 1;
switch($stage){ 
 case 1:
   if(($feed->get(5)</br>) < ($F1ThisisaThermostatmeasuringLocalTemperature)){
    /* $register->sendRequestToNode()*/</br>$rules->addPendingAck("requestFeed", $ruleid, $stage + 1, ["feedid"=>$F1ThisisaThermostatmeasuringLocalTemperature], $timeout);</br> /* $register->sendValueToNode() */
$rules->addPendingAck("setAttribute", $ruleid, $stage + 1, ["attributeUid"=>$A10x02010x00000x0191], $timeout);</br>}
;  break;
 default:
  $ruleid = $rule["ruleid"];
  $log->warn("Wrong stage in rule $ruleid - Stage: 5");
 break;
}
2015-7-13 17:27:42 MAIN WARN Error parsing rule code. Rule: 3 - Stage: 1
2015-7-13 17:28:57 MAIN WARN Error parsing rule code. Rule: 3 - Stage: 1
2015-7-13 17:29:27 MAIN WARN Error parsing rule code. Rule: 3 - Stage: 1
2015-7-13 17:30:13 MAIN WARN Error parsing rule code. Rule: 3 - Stage: 1
2015-7-13 17:30:23 MAIN WARN Error parsing rule code. Rule: 3 - Stage: 1
2015-7-13 17:32:44 MAIN WARN Error parsing rule code. Rule: 3 - Stage: 1
2015-7-13 17:33:03 MAIN WARN Error parsing rule code. Rule: 3 - Stage: 1
2015-7-13 17:34:07 MAIN WARN Error parsing rule code. Rule: 3 - Stage: 1
2015-7-13 17:35:05 MAIN WARN Error parsing rule code. Rule: 3 - Stage: 1
2015-7-13 17:35:12 MAIN WARN Error parsing rule code. Rule: 3 - Stage: 1
2015-7-13 17:36:39 MAIN WARN Error parsing rule code. Rule: 3 - Stage: 1
2015-7-13 17:37:06 MAIN WARN Error parsing rule code. Rule: 3 - Stage: 1
2015-7-13 17:37:19 MAIN WARN Error parsing rule code. Rule: 3 - Stage: 1
2015-7-13 17:44:17 MAIN WARN Error parsing rule code. Rule: 3 - Stage: 1
2015-7-13 21:33:34 MAIN WARN Error parsing rule code. Rule: 3 - Stage: 1
2015-7-13 21:35:13 MAIN WARN Error parsing rule code. Rule: 3 - Stage: 1
2015-7-13 21:36:17 MAIN WARN Error parsing rule code. Rule: 3 - Stage: 1
2015-7-13 21:37:32 MAIN WARN Error parsing rule code. Rule: 3 - Stage: 1
2015-7-13 21:38:52 MAIN WARN Error parsing rule code. Rule: 3 - Stage: 1
2015-7-13 21:39:19 MAIN WARN Error parsing rule code. Rule: 3 - Stage: 1
2015-7-13 21:40:35 MAIN WARN Error parsing rule code. Rule: 3 - Stage: 1
2015-7-13 21:41:33 MAIN WARN Error parsing rule code. Rule: 3 - Stage: 1
2015-7-13 21:41:52 MAIN WARN Error parsing rule code. Rule: 3 - Stage: 1
2015-7-13 21:42:22 MAIN WARN Error parsing rule code. Rule: 3 - Stage: 1
2015-7-13 21:42:42 MAIN WARN Error parsing rule code. Rule: 3 - Stage: 1
2015-7-13 21:43:11 MAIN WARN Error parsing rule code. Rule: 3 - Stage: 1
